[debug] [2021-09-09T22:04:42.134Z] ----------------------------------------------------------------------
[debug] [2021-09-09T22:04:42.136Z] Command:       C:\Program Files\nodejs\node.exe C:\Users\sriki\AppData\Roaming\npm\node_modules\firebase-tools\lib\bin\firebase.js init
[debug] [2021-09-09T22:04:42.136Z] CLI Version:   9.18.0
[debug] [2021-09-09T22:04:42.136Z] Platform:      win32
[debug] [2021-09-09T22:04:42.136Z] Node Version:  v12.18.4
[debug] [2021-09-09T22:04:42.137Z] Time:          Fri Sep 10 2021 03:34:42 GMT+0530 (India Standard Time)
[debug] [2021-09-09T22:04:42.137Z] ----------------------------------------------------------------------
[debug] 
[debug] [2021-09-09T22:04:42.143Z] > command requires scopes: ["email","openid","https://www.googleapis.com/auth/cloudplatformprojects.readonly","https://www.googleapis.com/auth/firebase","https://www.googleapis.com/auth/cloud-platform"]
[debug] [2021-09-09T22:04:42.143Z] > authorizing via signed-in user (srikiranvelpuri@gmail.com)
[info] 
     ######## #### ########  ######## ########     ###     ######  ########
     ##        ##  ##     ## ##       ##     ##  ##   ##  ##       ##
     ######    ##  ########  ######   ########  #########  ######  ######
     ##        ##  ##    ##  ##       ##     ## ##     ##       ## ##
     ##       #### ##     ## ######## ########  ##     ##  ######  ########

You're about to initialize a Firebase project in this directory:

  E:\React Chat\vchat

[info] 
=== Project Setup
[info] 
[info] First, let's associate this project directory with a Firebase project.
[info] You can create multiple project aliases by running firebase use --add, 
[info] but for now we'll just set up a default project.
[info] 
[debug] [2021-09-09T22:05:10.683Z] >>> [apiv2][query] GET https://firebase.googleapis.com/v1beta1/projects pageSize=100
[debug] [2021-09-09T22:05:11.309Z] <<< [apiv2][status] GET https://firebase.googleapis.com/v1beta1/projects 200
[debug] [2021-09-09T22:05:11.309Z] <<< [apiv2][body] GET https://firebase.googleapis.com/v1beta1/projects [omitted]
[info] i  Using project vchat-cab1b (vchat) 
[info] 
=== Hosting Setup
[info] 
[info] Your public directory is the folder (relative to your project directory) that
[info] will contain Hosting assets to be uploaded with firebase deploy. If you
[info] have a build process for your assets, use your build's output directory.
[info] 
[info] +  Wrote public/404.html 
[debug] [2021-09-09T22:05:27.189Z] >>> [apiv2][query] GET https://www.gstatic.com/firebasejs/releases.json [none]
[debug] [2021-09-09T22:05:27.398Z] <<< [apiv2][status] GET https://www.gstatic.com/firebasejs/releases.json 200
[debug] [2021-09-09T22:05:27.398Z] <<< [apiv2][body] GET https://www.gstatic.com/firebasejs/releases.json {"current":{"version":"9.0.2","browserURL":"https://www.gstatic.com/firebasejs/9.0.2/firebase.js","packageURL":"https://www.gstatic.com/firebasejs/9.0.2/firebase.tgz"},"live":{"version":"9.0","browserURL":"https://www.gstatic.com/firebasejs/live/9.0/firebase.js","packageURL":"https://www.gstatic.com/firebasejs/live/9.0/firebase.tgz"},"components":{"analytics":"https://www.gstatic.com/firebasejs/9.0.2/firebase-analytics.js","app":"https://www.gstatic.com/firebasejs/9.0.2/firebase-app.js","app-check":"https://www.gstatic.com/firebasejs/9.0.2/firebase-app-check.js","auth":"https://www.gstatic.com/firebasejs/9.0.2/firebase-auth.js","auth/cordova":"https://www.gstatic.com/firebasejs/9.0.2/firebase-auth/cordova.js","auth/react-native":"https://www.gstatic.com/firebasejs/9.0.2/firebase-auth/react-native.js","functions":"https://www.gstatic.com/firebasejs/9.0.2/firebase-functions.js","firestore":"https://www.gstatic.com/firebasejs/9.0.2/firebase-firestore.js","firestore/lite":"https://www.gstatic.com/firebasejs/9.0.2/firebase-firestore/lite.js","storage":"https://www.gstatic.com/firebasejs/9.0.2/firebase-storage.js","performance":"https://www.gstatic.com/firebasejs/9.0.2/firebase-performance.js","remote-config":"https://www.gstatic.com/firebasejs/9.0.2/firebase-remote-config.js","messaging":"https://www.gstatic.com/firebasejs/9.0.2/firebase-messaging.js","messaging/sw":"https://www.gstatic.com/firebasejs/9.0.2/firebase-messaging/sw.js","database":"https://www.gstatic.com/firebasejs/9.0.2/firebase-database.js","firestore.memory":"https://www.gstatic.com/firebasejs/9.0.2/firebase-firestore.memory.js"}}
[info] +  Wrote public/index.html 
[info] 
[info] i  Detected a .git folder at E:\React Chat\vchat 
[info] i  Authorizing with GitHub to upload your service account to a GitHub repository's secrets store. 
[info] 
[info] Visit this URL on this device to log in:
[info] https://github.com/login/oauth/authorize?client_id=89cf50f02ac6aaed3484&state=784150261&redirect_uri=http%3A%2F%2Flocalhost%3A9005&scope=read%3Auser%20repo%20public_repo
[info] 
[info] Waiting for authentication...
[debug] [2021-09-09T22:05:39.318Z] >>> HTTP REQUEST POST https://github.com/login/oauth/access_token  
 {"client_id":"89cf50f02ac6aaed3484","client_secret":"3330d14abc895d9a74d5f17cd7a00711fa2c5bf0","code":"113fc6478991ed5c0206","redirect_uri":"http://localhost:9005","state":"784150261"}
[debug] [2021-09-09T22:05:39.771Z] <<< HTTP RESPONSE 200 {"server":"GitHub.com","date":"Thu, 09 Sep 2021 22:05:40 GMT","content-type":"application/json; charset=utf-8","transfer-encoding":"chunked","vary":"X-PJAX, X-PJAX-Container, Accept-Encoding, Accept, X-Requested-With","permissions-policy":"interest-cohort=()","etag":"W/\"06fd339ec31365e19dc3709d2b7a49af\"","cache-control":"max-age=0, private, must-revalidate","strict-transport-security":"max-age=31536000; includeSubdomains; preload","x-frame-options":"deny","x-content-type-options":"nosniff","x-xss-protection":"0","referrer-policy":"origin-when-cross-origin, strict-origin-when-cross-origin","expect-ct":"max-age=2592000, report-uri=\"https://api.github.com/_private/browser/errors\"","content-security-policy":"default-src 'none'; base-uri 'self'; block-all-mixed-content; connect-src 'self' uploads.github.com www.githubstatus.com collector.githubapp.com api.github.com github-cloud.s3.amazonaws.com github-production-repository-file-5c1aeb.s3.amazonaws.com github-production-upload-manifest-file-7fdce7.s3.amazonaws.com github-production-user-asset-6210df.s3.amazonaws.com cdn.optimizely.com logx.optimizely.com/v1/events translator.github.com wss://alive.github.com; font-src github.githubassets.com; form-action 'self' github.com gist.github.com; frame-ancestors 'none'; frame-src render.githubusercontent.com viewscreen.githubusercontent.com; img-src 'self' data: github.githubassets.com identicons.github.com collector.githubapp.com github-cloud.s3.amazonaws.com secured-user-images.githubusercontent.com/ *.githubusercontent.com; manifest-src 'self'; media-src 'none'; script-src github.githubassets.com; style-src 'unsafe-inline' github.githubassets.com; worker-src github.com/socket-worker-7c2abeb0.js gist.github.com/socket-worker-7c2abeb0.js","x-github-request-id":"D0D9:1EC6:66DEAC:717F21:613A8534"}
[debug] [2021-09-09T22:05:39.773Z] >>> [apiv2][query] GET https://api.github.com/user [none]
[debug] [2021-09-09T22:05:40.180Z] <<< [apiv2][status] GET https://api.github.com/user 200
[debug] [2021-09-09T22:05:40.180Z] <<< [apiv2][body] GET https://api.github.com/user {"login":"srikiran1707","id":68954979,"node_id":"MDQ6VXNlcjY4OTU0OTc5","avatar_url":"https://avatars.githubusercontent.com/u/68954979?v=4","gravatar_id":"","url":"https://api.github.com/users/srikiran1707","html_url":"https://github.com/srikiran1707","followers_url":"https://api.github.com/users/srikiran1707/followers","following_url":"https://api.github.com/users/srikiran1707/following{/other_user}","gists_url":"https://api.github.com/users/srikiran1707/gists{/gist_id}","starred_url":"https://api.github.com/users/srikiran1707/starred{/owner}{/repo}","subscriptions_url":"https://api.github.com/users/srikiran1707/subscriptions","organizations_url":"https://api.github.com/users/srikiran1707/orgs","repos_url":"https://api.github.com/users/srikiran1707/repos","events_url":"https://api.github.com/users/srikiran1707/events{/privacy}","received_events_url":"https://api.github.com/users/srikiran1707/received_events","type":"User","site_admin":false,"name":"srikiran","company":null,"blog":"","location":null,"email":null,"hireable":null,"bio":"Student-undergrad-learning","twitter_username":null,"public_repos":1,"public_gists":0,"followers":0,"following":0,"created_at":"2020-07-29T12:49:29Z","updated_at":"2021-09-09T22:05:36Z","private_gists":0,"total_private_repos":1,"owned_private_repos":1,"disk_usage":11,"collaborators":0,"two_factor_authentication":false,"plan":{"name":"free","space":976562499,"collaborators":0,"private_repos":10000}}
[info] 
[info] +  Success! Logged into GitHub as srikiran1707 
[info] 
